{"/Users/ramrohithmaringanti/Desktop/React/src/components/Contact.js": {"path":"/Users/ramrohithmaringanti/Desktop/React/src/components/Contact.js","statementMap":{"0":{"start":{"line":3,"column":16},"end":{"line":39,"column":1}},"1":{"start":{"line":22,"column":2},"end":{"line":38,"column":3}}},"fnMap":{"0":{"name":"(anonymous_0)","decl":{"start":{"line":3,"column":16},"end":{"line":3,"column":17}},"loc":{"start":{"line":3,"column":22},"end":{"line":39,"column":1}},"line":3}},"branchMap":{},"s":{"0":1,"1":3},"f":{"0":3},"b":{},"_coverageSchema":"1a1c01bbd47fc00a2c39e90264f33305004495a9","hash":"128a56e15ca6494902f199a7669958f167cdc9a4"}
,"/Users/ramrohithmaringanti/Desktop/React/src/components/Header.js": {"path":"/Users/ramrohithmaringanti/Desktop/React/src/components/Header.js","statementMap":{"0":{"start":{"line":8,"column":13},"end":{"line":87,"column":3}},"1":{"start":{"line":10,"column":32},"end":{"line":10,"column":49}},"2":{"start":{"line":12,"column":4},"end":{"line":14,"column":10}},"3":{"start":{"line":16,"column":23},"end":{"line":16,"column":40}},"4":{"start":{"line":18,"column":25},"end":{"line":18,"column":48}},"5":{"start":{"line":21,"column":21},"end":{"line":21,"column":59}},"6":{"start":{"line":21,"column":42},"end":{"line":21,"column":58}},"7":{"start":{"line":23,"column":4},"end":{"line":86,"column":5}},"8":{"start":{"line":78,"column":10},"end":{"line":78,"column":63}}},"fnMap":{"0":{"name":"(anonymous_0)","decl":{"start":{"line":8,"column":13},"end":{"line":8,"column":14}},"loc":{"start":{"line":8,"column":17},"end":{"line":87,"column":3}},"line":8},"1":{"name":"(anonymous_1)","decl":{"start":{"line":12,"column":14},"end":{"line":12,"column":15}},"loc":{"start":{"line":12,"column":18},"end":{"line":14,"column":5}},"line":12},"2":{"name":"(anonymous_2)","decl":{"start":{"line":21,"column":33},"end":{"line":21,"column":34}},"loc":{"start":{"line":21,"column":42},"end":{"line":21,"column":58}},"line":21},"3":{"name":"(anonymous_3)","decl":{"start":{"line":77,"column":17},"end":{"line":77,"column":18}},"loc":{"start":{"line":77,"column":23},"end":{"line":79,"column":9}},"line":77}},"branchMap":{"0":{"loc":{"start":{"line":33,"column":8},"end":{"line":33,"column":56}},"type":"cond-expr","locations":[{"start":{"line":33,"column":23},"end":{"line":33,"column":39}},{"start":{"line":33,"column":42},"end":{"line":33,"column":56}}],"line":33},"1":{"loc":{"start":{"line":36,"column":7},"end":{"line":36,"column":47}},"type":"cond-expr","locations":[{"start":{"line":36,"column":22},"end":{"line":36,"column":32}},{"start":{"line":36,"column":35},"end":{"line":36,"column":47}}],"line":36},"2":{"loc":{"start":{"line":78,"column":21},"end":{"line":78,"column":61}},"type":"cond-expr","locations":[{"start":{"line":78,"column":43},"end":{"line":78,"column":51}},{"start":{"line":78,"column":54},"end":{"line":78,"column":61}}],"line":78}},"s":{"0":1,"1":3,"2":3,"3":3,"4":3,"5":3,"6":5,"7":3,"8":1},"f":{"0":3,"1":2,"2":5,"3":1},"b":{"0":[3,0],"1":[3,0],"2":[1,0]},"_coverageSchema":"1a1c01bbd47fc00a2c39e90264f33305004495a9","hash":"7721803fc4a74f480066a668443e66c08179c59f"}
,"/Users/ramrohithmaringanti/Desktop/React/src/utils/UserContext.js": {"path":"/Users/ramrohithmaringanti/Desktop/React/src/utils/UserContext.js","statementMap":{"0":{"start":{"line":3,"column":19},"end":{"line":5,"column":2}}},"fnMap":{},"branchMap":{},"s":{"0":1},"f":{},"b":{},"_coverageSchema":"1a1c01bbd47fc00a2c39e90264f33305004495a9","hash":"a3c53a70abadb14503e152b5a8d8f5b09ca7dc52"}
,"/Users/ramrohithmaringanti/Desktop/React/src/utils/appStore.js": {"path":"/Users/ramrohithmaringanti/Desktop/React/src/utils/appStore.js","statementMap":{"0":{"start":{"line":4,"column":17},"end":{"line":8,"column":2}}},"fnMap":{},"branchMap":{},"s":{"0":1},"f":{},"b":{},"_coverageSchema":"1a1c01bbd47fc00a2c39e90264f33305004495a9","hash":"14295c8666018ea310006c4634523a9b8f323d98"}
,"/Users/ramrohithmaringanti/Desktop/React/src/utils/cartSlice.js": {"path":"/Users/ramrohithmaringanti/Desktop/React/src/utils/cartSlice.js","statementMap":{"0":{"start":{"line":3,"column":17},"end":{"line":19,"column":2}},"1":{"start":{"line":10,"column":12},"end":{"line":10,"column":44}},"2":{"start":{"line":13,"column":12},"end":{"line":13,"column":30}},"3":{"start":{"line":16,"column":12},"end":{"line":16,"column":33}},"4":{"start":{"line":21,"column":44},"end":{"line":21,"column":61}}},"fnMap":{"0":{"name":"(anonymous_0)","decl":{"start":{"line":9,"column":16},"end":{"line":9,"column":17}},"loc":{"start":{"line":9,"column":33},"end":{"line":11,"column":9}},"line":9},"1":{"name":"(anonymous_1)","decl":{"start":{"line":12,"column":19},"end":{"line":12,"column":20}},"loc":{"start":{"line":12,"column":28},"end":{"line":14,"column":9}},"line":12},"2":{"name":"(anonymous_2)","decl":{"start":{"line":15,"column":18},"end":{"line":15,"column":19}},"loc":{"start":{"line":15,"column":27},"end":{"line":17,"column":9}},"line":15}},"branchMap":{},"s":{"0":1,"1":0,"2":0,"3":0,"4":1},"f":{"0":0,"1":0,"2":0},"b":{},"_coverageSchema":"1a1c01bbd47fc00a2c39e90264f33305004495a9","hash":"1e3d1a5820c3f10dc97f3bb034afa72c624b99c3"}
,"/Users/ramrohithmaringanti/Desktop/React/src/utils/constants.js": {"path":"/Users/ramrohithmaringanti/Desktop/React/src/utils/constants.js","statementMap":{"0":{"start":{"line":1,"column":21},"end":{"line":1,"column":104}},"1":{"start":{"line":4,"column":22},"end":{"line":4,"column":131}},"2":{"start":{"line":7,"column":23},"end":{"line":7,"column":2476}},"3":{"start":{"line":10,"column":29},"end":{"line":10,"column":158}}},"fnMap":{},"branchMap":{},"s":{"0":1,"1":1,"2":1,"3":1},"f":{},"b":{},"_coverageSchema":"1a1c01bbd47fc00a2c39e90264f33305004495a9","hash":"4d664b4b1213825f83bc4d38e5db19d31c624635"}
,"/Users/ramrohithmaringanti/Desktop/React/src/utils/useOnlineStatus.js": {"path":"/Users/ramrohithmaringanti/Desktop/React/src/utils/useOnlineStatus.js","statementMap":{"0":{"start":{"line":3,"column":22},"end":{"line":20,"column":1}},"1":{"start":{"line":5,"column":42},"end":{"line":5,"column":56}},"2":{"start":{"line":7,"column":4},"end":{"line":16,"column":10}},"3":{"start":{"line":8,"column":8},"end":{"line":10,"column":10}},"4":{"start":{"line":9,"column":12},"end":{"line":9,"column":35}},"5":{"start":{"line":12,"column":8},"end":{"line":14,"column":10}},"6":{"start":{"line":13,"column":12},"end":{"line":13,"column":34}},"7":{"start":{"line":18,"column":4},"end":{"line":18,"column":24}}},"fnMap":{"0":{"name":"(anonymous_0)","decl":{"start":{"line":3,"column":22},"end":{"line":3,"column":23}},"loc":{"start":{"line":3,"column":26},"end":{"line":20,"column":1}},"line":3},"1":{"name":"(anonymous_1)","decl":{"start":{"line":7,"column":14},"end":{"line":7,"column":15}},"loc":{"start":{"line":7,"column":18},"end":{"line":16,"column":5}},"line":7},"2":{"name":"(anonymous_2)","decl":{"start":{"line":8,"column":42},"end":{"line":8,"column":43}},"loc":{"start":{"line":8,"column":46},"end":{"line":10,"column":9}},"line":8},"3":{"name":"(anonymous_3)","decl":{"start":{"line":12,"column":41},"end":{"line":12,"column":42}},"loc":{"start":{"line":12,"column":45},"end":{"line":14,"column":9}},"line":12}},"branchMap":{},"s":{"0":1,"1":3,"2":3,"3":2,"4":0,"5":2,"6":0,"7":3},"f":{"0":3,"1":2,"2":0,"3":0},"b":{},"_coverageSchema":"1a1c01bbd47fc00a2c39e90264f33305004495a9","hash":"58ec651698364db42d69cad7257b37bcb2ae1e3a"}
}
